2018-10-16 10:52:04,263 ERROR  [riot] [line: 17, col: 1 ] Failed to find a prefix name or keyword: /(47;0x002F) 
2018-10-16 10:52:04,545 ERROR  [riot] [line: 17, col: 1 ] Failed to find a prefix name or keyword: /(47;0x002F) 
2018-10-16 10:52:04,643 ERROR  [riot] [line: 17, col: 1 ] Failed to find a prefix name or keyword: /(47;0x002F) 
2018-10-16 10:52:04,689 ERROR  [riot] [line: 17, col: 1 ] Failed to find a prefix name or keyword: /(47;0x002F) 
2018-10-16 10:52:25,989 ERROR  [riot] [line: 17, col: 1 ] Failed to find a prefix name or keyword: /(47;0x002F) 
2018-10-16 10:52:26,350 ERROR  [riot] [line: 17, col: 1 ] Failed to find a prefix name or keyword: /(47;0x002F) 
2018-10-16 10:52:26,387 ERROR  [riot] [line: 17, col: 1 ] Failed to find a prefix name or keyword: /(47;0x002F) 
2018-10-16 10:52:26,477 ERROR  [riot] [line: 17, col: 1 ] Failed to find a prefix name or keyword: /(47;0x002F) 
2018-10-16 10:53:45,250 ERROR  [riot] [line: 17, col: 1 ] Failed to find a prefix name or keyword: /(47;0x002F) 
2018-10-16 10:53:45,536 ERROR  [riot] [line: 17, col: 1 ] Failed to find a prefix name or keyword: /(47;0x002F) 
2018-10-16 10:53:45,569 ERROR  [riot] [line: 17, col: 1 ] Failed to find a prefix name or keyword: /(47;0x002F) 
2018-10-16 10:53:45,632 ERROR  [riot] [line: 17, col: 1 ] Failed to find a prefix name or keyword: /(47;0x002F) 
2018-10-16 10:54:06,532 INFO   [SystemDefaultHttpClient] I/O exception (java.net.SocketException) caught when processing request to {}->http://schema.rdfs.org:80: Connection reset 
2018-10-16 10:54:06,534 INFO   [SystemDefaultHttpClient] Retrying request to {}->http://schema.rdfs.org:80 
2018-10-16 10:54:23,165 ERROR  [riot] [line: 17, col: 1 ] Failed to find a prefix name or keyword: /(47;0x002F) 
2018-10-16 10:54:23,461 ERROR  [riot] [line: 17, col: 1 ] Failed to find a prefix name or keyword: /(47;0x002F) 
2018-10-16 10:54:23,507 ERROR  [riot] [line: 17, col: 1 ] Failed to find a prefix name or keyword: /(47;0x002F) 
2018-10-16 10:54:23,548 ERROR  [riot] [line: 17, col: 1 ] Failed to find a prefix name or keyword: /(47;0x002F) 
2018-10-16 10:54:26,551 INFO   [SystemDefaultHttpClient] I/O exception (java.net.SocketException) caught when processing request to {}->http://schema.rdfs.org:80: Connection reset 
2018-10-16 10:54:26,552 INFO   [SystemDefaultHttpClient] Retrying request to {}->http://schema.rdfs.org:80 
2018-10-16 10:54:46,571 INFO   [SystemDefaultHttpClient] I/O exception (java.net.SocketException) caught when processing request to {}->http://schema.rdfs.org:80: Connection reset 
2018-10-16 10:54:46,571 INFO   [SystemDefaultHttpClient] Retrying request to {}->http://schema.rdfs.org:80 
2018-10-16 10:54:48,018 ERROR  [riot] [line: 17, col: 1 ] Failed to find a prefix name or keyword: /(47;0x002F) 
2018-10-16 10:55:06,602 WARN   [OntDocumentManager] An error occurred while attempting to read from http://schema.rdfs.org/all. Msg was 'java.net.SocketException: Connection reset'. 
org.apache.jena.atlas.web.HttpException: java.net.SocketException: Connection reset
	at org.apache.jena.riot.web.HttpOp.exec(HttpOp.java:1113)
	at org.apache.jena.riot.web.HttpOp.execHttpGet(HttpOp.java:378)
	at org.apache.jena.riot.web.HttpOp.execHttpGet(HttpOp.java:413)
	at org.apache.jena.riot.system.stream.LocatorHTTP.performOpen(LocatorHTTP.java:42)
	at org.apache.jena.riot.system.stream.LocatorURL.open(LocatorURL.java:44)
	at org.apache.jena.riot.system.stream.StreamManager.openNoMapOrNull(StreamManager.java:139)
	at org.apache.jena.riot.system.stream.StreamManager.open(StreamManager.java:100)
	at org.apache.jena.riot.RDFDataMgr.open(RDFDataMgr.java:830)
	at org.apache.jena.riot.RDFDataMgr.open(RDFDataMgr.java:820)
	at org.apache.jena.riot.RDFDataMgr.parse(RDFDataMgr.java:664)
	at org.apache.jena.riot.RDFDataMgr.read(RDFDataMgr.java:212)
	at org.apache.jena.riot.RDFDataMgr.read(RDFDataMgr.java:145)
	at org.apache.jena.riot.RDFDataMgr.read(RDFDataMgr.java:134)
	at org.apache.jena.riot.adapters.AdapterFileManager.readModelWorker(AdapterFileManager.java:282)
	at org.apache.jena.util.FileManager.readModel(FileManager.java:341)
	at org.apache.jena.util.FileManager.readModel(FileManager.java:325)
	at org.apache.jena.ontology.OntDocumentManager.read(OntDocumentManager.java:1062)
	at org.apache.jena.ontology.OntDocumentManager$1.readModel(OntDocumentManager.java:1032)
	at org.apache.jena.rdf.model.impl.ModelMakerImpl.getModel(ModelMakerImpl.java:104)
	at org.apache.jena.ontology.OntDocumentManager.fetchLoadedImportModel(OntDocumentManager.java:1029)
	at org.apache.jena.ontology.OntDocumentManager.fetchPossiblyCachedImportModel(OntDocumentManager.java:1001)
	at org.apache.jena.ontology.OntDocumentManager.loadImport(OntDocumentManager.java:974)
	at org.apache.jena.ontology.OntDocumentManager.loadImports(OntDocumentManager.java:768)
	at org.apache.jena.ontology.OntDocumentManager.loadImports(OntDocumentManager.java:706)
	at org.apache.jena.ontology.impl.OntModelImpl.loadImports(OntModelImpl.java:1964)
	at org.apache.jena.ontology.impl.OntModelImpl.<init>(OntModelImpl.java:151)
	at org.apache.jena.ontology.impl.OntModelImpl.<init>(OntModelImpl.java:123)
	at org.apache.jena.rdf.model.ModelFactory.createOntologyModel(ModelFactory.java:282)
	at org.topbraid.spin.util.JenaUtilHelper.createOntologyModel(JenaUtilHelper.java:91)
	at org.topbraid.spin.util.JenaUtil.createOntologyModel(JenaUtil.java:959)
	at at.pro2future.cavl.infrastructure.knowledge.jena.JenaModelsManager.runInferences(JenaModelsManager.java:165)
	at at.pro2future.cavl.infrastructure.knowledge.jena.JenaModelsManager.updateModelWithOntologyURIs(JenaModelsManager.java:113)
	at at.pro2future.cavl.infrastructure.knowledge.jena.JenaModelsManager.update(JenaModelsManager.java:59)
	at at.pro2future.cavl.infrastructure.knowledge.KnowledgePackManager.updateModelsAndQueries(KnowledgePackManager.java:122)
	at at.pro2future.cavl.infrastructure.tests.SPINTests.setupKPs(SPINTests.java:21)
	at sun.reflect.NativeMethodAccessorImpl.invoke0(Native Method)
	at sun.reflect.NativeMethodAccessorImpl.invoke(NativeMethodAccessorImpl.java:62)
	at sun.reflect.DelegatingMethodAccessorImpl.invoke(DelegatingMethodAccessorImpl.java:43)
	at java.lang.reflect.Method.invoke(Method.java:498)
	at org.junit.runners.model.FrameworkMethod$1.runReflectiveCall(FrameworkMethod.java:50)
	at org.junit.internal.runners.model.ReflectiveCallable.run(ReflectiveCallable.java:12)
	at org.junit.runners.model.FrameworkMethod.invokeExplosively(FrameworkMethod.java:47)
	at org.junit.internal.runners.statements.RunBefores.evaluate(RunBefores.java:24)
	at org.junit.runners.ParentRunner.runLeaf(ParentRunner.java:325)
	at org.junit.runners.BlockJUnit4ClassRunner.runChild(BlockJUnit4ClassRunner.java:78)
	at org.junit.runners.BlockJUnit4ClassRunner.runChild(BlockJUnit4ClassRunner.java:57)
	at org.junit.runners.ParentRunner$3.run(ParentRunner.java:290)
	at org.junit.runners.ParentRunner$1.schedule(ParentRunner.java:71)
	at org.junit.runners.ParentRunner.runChildren(ParentRunner.java:288)
	at org.junit.runners.ParentRunner.access$000(ParentRunner.java:58)
	at org.junit.runners.ParentRunner$2.evaluate(ParentRunner.java:268)
	at org.junit.runners.ParentRunner.run(ParentRunner.java:363)
	at org.eclipse.jdt.internal.junit4.runner.JUnit4TestReference.run(JUnit4TestReference.java:86)
	at org.eclipse.jdt.internal.junit.runner.TestExecution.run(TestExecution.java:38)
	at org.eclipse.jdt.internal.junit.runner.RemoteTestRunner.runTests(RemoteTestRunner.java:538)
	at org.eclipse.jdt.internal.junit.runner.RemoteTestRunner.runTests(RemoteTestRunner.java:760)
	at org.eclipse.jdt.internal.junit.runner.RemoteTestRunner.run(RemoteTestRunner.java:460)
	at org.eclipse.jdt.internal.junit.runner.RemoteTestRunner.main(RemoteTestRunner.java:206)
Caused by: java.net.SocketException: Connection reset
	at java.net.SocketInputStream.read(SocketInputStream.java:210)
	at java.net.SocketInputStream.read(SocketInputStream.java:141)
	at org.apache.http.impl.io.AbstractSessionInputBuffer.fillBuffer(AbstractSessionInputBuffer.java:158)
	at org.apache.http.impl.io.SocketInputBuffer.fillBuffer(SocketInputBuffer.java:82)
	at org.apache.http.impl.io.AbstractSessionInputBuffer.readLine(AbstractSessionInputBuffer.java:271)
	at org.apache.http.impl.conn.LoggingSessionInputBuffer.readLine(LoggingSessionInputBuffer.java:123)
	at org.apache.http.impl.conn.DefaultHttpResponseParser.parseHead(DefaultHttpResponseParser.java:138)
	at org.apache.http.impl.conn.DefaultHttpResponseParser.parseHead(DefaultHttpResponseParser.java:56)
	at org.apache.http.impl.io.AbstractMessageParser.parse(AbstractMessageParser.java:259)
	at org.apache.http.impl.AbstractHttpClientConnection.receiveResponseHeader(AbstractHttpClientConnection.java:281)
	at org.apache.http.impl.conn.DefaultClientConnection.receiveResponseHeader(DefaultClientConnection.java:257)
	at org.apache.http.impl.conn.ManagedClientConnectionImpl.receiveResponseHeader(ManagedClientConnectionImpl.java:207)
	at org.apache.http.protocol.HttpRequestExecutor.doReceiveResponse(HttpRequestExecutor.java:273)
	at org.apache.http.protocol.HttpRequestExecutor.execute(HttpRequestExecutor.java:125)
	at org.apache.http.impl.client.DefaultRequestDirector.tryExecute(DefaultRequestDirector.java:684)
	at org.apache.http.impl.client.DefaultRequestDirector.execute(DefaultRequestDirector.java:486)
	at org.apache.http.impl.client.AbstractHttpClient.doExecute(AbstractHttpClient.java:835)
	at org.apache.http.impl.client.CloseableHttpClient.execute(CloseableHttpClient.java:83)
	at org.apache.http.impl.client.CloseableHttpClient.execute(CloseableHttpClient.java:56)
	at org.apache.jena.riot.web.HttpOp.exec(HttpOp.java:1097)
	... 57 more
2018-10-16 10:55:20,936 ERROR  [riot] [line: 17, col: 1 ] Failed to find a prefix name or keyword: /(47;0x002F) 
2018-10-16 10:55:21,292 ERROR  [riot] [line: 17, col: 1 ] Failed to find a prefix name or keyword: /(47;0x002F) 
2018-10-16 10:55:21,327 ERROR  [riot] [line: 17, col: 1 ] Failed to find a prefix name or keyword: /(47;0x002F) 
2018-10-16 10:55:21,375 ERROR  [riot] [line: 17, col: 1 ] Failed to find a prefix name or keyword: /(47;0x002F) 
2018-10-16 10:55:36,646 INFO   [SystemDefaultHttpClient] I/O exception (java.net.SocketException) caught when processing request to {}->http://schema.rdfs.org:80: Connection reset 
2018-10-16 10:55:36,648 INFO   [SystemDefaultHttpClient] Retrying request to {}->http://schema.rdfs.org:80 
2018-10-16 10:55:56,676 INFO   [SystemDefaultHttpClient] I/O exception (java.net.SocketException) caught when processing request to {}->http://schema.rdfs.org:80: Connection reset 
2018-10-16 10:55:56,676 INFO   [SystemDefaultHttpClient] Retrying request to {}->http://schema.rdfs.org:80 
2018-10-16 10:56:16,706 INFO   [SystemDefaultHttpClient] I/O exception (java.net.SocketException) caught when processing request to {}->http://schema.rdfs.org:80: Connection reset 
2018-10-16 10:56:16,706 INFO   [SystemDefaultHttpClient] Retrying request to {}->http://schema.rdfs.org:80 
2018-10-16 10:57:46,853 INFO   [SystemDefaultHttpClient] I/O exception (java.net.SocketException) caught when processing request to {}->http://schema.rdfs.org:80: Connection reset 
2018-10-16 10:57:46,855 INFO   [SystemDefaultHttpClient] Retrying request to {}->http://schema.rdfs.org:80 
2018-10-16 11:00:40,224 ERROR  [riot] [line: 17, col: 1 ] Failed to find a prefix name or keyword: /(47;0x002F) 
2018-10-16 11:00:40,334 ERROR  [riot] [line: 17, col: 1 ] Failed to find a prefix name or keyword: /(47;0x002F) 
2018-10-16 11:00:40,371 ERROR  [riot] [line: 17, col: 1 ] Failed to find a prefix name or keyword: /(47;0x002F) 
2018-10-16 11:00:40,403 ERROR  [riot] [line: 17, col: 1 ] Failed to find a prefix name or keyword: /(47;0x002F) 
2018-10-16 11:00:57,021 INFO   [SystemDefaultHttpClient] I/O exception (java.net.SocketException) caught when processing request to {}->http://schema.rdfs.org:80: Connection reset 
2018-10-16 11:00:57,021 INFO   [SystemDefaultHttpClient] Retrying request to {}->http://schema.rdfs.org:80 
2018-10-16 11:01:17,053 INFO   [SystemDefaultHttpClient] I/O exception (java.net.SocketException) caught when processing request to {}->http://schema.rdfs.org:80: Connection reset 
2018-10-16 11:01:17,053 INFO   [SystemDefaultHttpClient] Retrying request to {}->http://schema.rdfs.org:80 
2018-10-16 11:01:37,058 INFO   [SystemDefaultHttpClient] I/O exception (java.net.SocketException) caught when processing request to {}->http://schema.rdfs.org:80: Connection reset 
2018-10-16 11:01:37,058 INFO   [SystemDefaultHttpClient] Retrying request to {}->http://schema.rdfs.org:80 
2018-10-16 11:02:17,096 INFO   [SystemDefaultHttpClient] I/O exception (java.net.SocketException) caught when processing request to {}->http://schema.rdfs.org:80: Connection reset 
2018-10-16 11:02:17,100 INFO   [SystemDefaultHttpClient] Retrying request to {}->http://schema.rdfs.org:80 
2018-10-16 11:02:37,107 INFO   [SystemDefaultHttpClient] I/O exception (java.net.SocketException) caught when processing request to {}->http://schema.rdfs.org:80: Connection reset 
2018-10-16 11:02:37,108 INFO   [SystemDefaultHttpClient] Retrying request to {}->http://schema.rdfs.org:80 
2018-10-16 11:02:47,127 INFO   [SystemDefaultHttpClient] I/O exception (java.net.SocketException) caught when processing request to {}->http://schema.rdfs.org:80: Connection reset 
2018-10-16 11:02:47,129 INFO   [SystemDefaultHttpClient] Retrying request to {}->http://schema.rdfs.org:80 
2018-10-16 11:02:57,133 INFO   [SystemDefaultHttpClient] I/O exception (java.net.SocketException) caught when processing request to {}->http://schema.rdfs.org:80: Connection reset 
2018-10-16 11:02:57,133 INFO   [SystemDefaultHttpClient] Retrying request to {}->http://schema.rdfs.org:80 
2018-10-16 11:03:07,209 INFO   [SystemDefaultHttpClient] I/O exception (java.net.SocketException) caught when processing request to {}->http://schema.rdfs.org:80: Connection reset 
2018-10-16 11:03:07,209 INFO   [SystemDefaultHttpClient] Retrying request to {}->http://schema.rdfs.org:80 
2018-10-16 11:03:17,155 WARN   [OntDocumentManager] An error occurred while attempting to read from http://schema.rdfs.org/all. Msg was 'java.net.SocketException: Connection reset'. 
org.apache.jena.atlas.web.HttpException: java.net.SocketException: Connection reset
	at org.apache.jena.riot.web.HttpOp.exec(HttpOp.java:1113)
	at org.apache.jena.riot.web.HttpOp.execHttpGet(HttpOp.java:378)
	at org.apache.jena.riot.web.HttpOp.execHttpGet(HttpOp.java:413)
	at org.apache.jena.riot.system.stream.LocatorHTTP.performOpen(LocatorHTTP.java:42)
	at org.apache.jena.riot.system.stream.LocatorURL.open(LocatorURL.java:44)
	at org.apache.jena.riot.system.stream.StreamManager.openNoMapOrNull(StreamManager.java:139)
	at org.apache.jena.riot.system.stream.StreamManager.open(StreamManager.java:100)
	at org.apache.jena.riot.RDFDataMgr.open(RDFDataMgr.java:830)
	at org.apache.jena.riot.RDFDataMgr.open(RDFDataMgr.java:820)
	at org.apache.jena.riot.RDFDataMgr.parse(RDFDataMgr.java:664)
	at org.apache.jena.riot.RDFDataMgr.read(RDFDataMgr.java:212)
	at org.apache.jena.riot.RDFDataMgr.read(RDFDataMgr.java:145)
	at org.apache.jena.riot.RDFDataMgr.read(RDFDataMgr.java:134)
	at org.apache.jena.riot.adapters.AdapterFileManager.readModelWorker(AdapterFileManager.java:282)
	at org.apache.jena.util.FileManager.readModel(FileManager.java:341)
	at org.apache.jena.util.FileManager.readModel(FileManager.java:325)
	at org.apache.jena.ontology.OntDocumentManager.read(OntDocumentManager.java:1062)
	at org.apache.jena.ontology.OntDocumentManager$1.readModel(OntDocumentManager.java:1032)
	at org.apache.jena.rdf.model.impl.ModelMakerImpl.getModel(ModelMakerImpl.java:104)
	at org.apache.jena.ontology.OntDocumentManager.fetchLoadedImportModel(OntDocumentManager.java:1029)
	at org.apache.jena.ontology.OntDocumentManager.fetchPossiblyCachedImportModel(OntDocumentManager.java:1001)
	at org.apache.jena.ontology.OntDocumentManager.loadImport(OntDocumentManager.java:974)
	at org.apache.jena.ontology.OntDocumentManager.loadImports(OntDocumentManager.java:768)
	at org.apache.jena.ontology.OntDocumentManager.loadImports(OntDocumentManager.java:706)
	at org.apache.jena.ontology.impl.OntModelImpl.loadImports(OntModelImpl.java:1964)
	at org.apache.jena.ontology.impl.OntModelImpl.<init>(OntModelImpl.java:151)
	at org.apache.jena.ontology.impl.OntModelImpl.<init>(OntModelImpl.java:123)
	at org.apache.jena.rdf.model.ModelFactory.createOntologyModel(ModelFactory.java:282)
	at org.topbraid.spin.util.JenaUtilHelper.createOntologyModel(JenaUtilHelper.java:91)
	at org.topbraid.spin.util.JenaUtil.createOntologyModel(JenaUtil.java:959)
	at at.pro2future.cavl.infrastructure.knowledge.jena.JenaModelsManager.runInferences(JenaModelsManager.java:165)
	at at.pro2future.cavl.infrastructure.knowledge.jena.JenaModelsManager.updateModelWithOntologyURIs(JenaModelsManager.java:113)
	at at.pro2future.cavl.infrastructure.knowledge.jena.JenaModelsManager.update(JenaModelsManager.java:59)
	at at.pro2future.cavl.infrastructure.knowledge.KnowledgePackManager.updateModelsAndQueries(KnowledgePackManager.java:122)
	at at.pro2future.cavl.infrastructure.tests.ModelTests.testInitializeTestingAdditionalKP(ModelTests.java:40)
	at sun.reflect.NativeMethodAccessorImpl.invoke0(Native Method)
	at sun.reflect.NativeMethodAccessorImpl.invoke(NativeMethodAccessorImpl.java:62)
	at sun.reflect.DelegatingMethodAccessorImpl.invoke(DelegatingMethodAccessorImpl.java:43)
	at java.lang.reflect.Method.invoke(Method.java:498)
	at org.junit.runners.model.FrameworkMethod$1.runReflectiveCall(FrameworkMethod.java:50)
	at org.junit.internal.runners.model.ReflectiveCallable.run(ReflectiveCallable.java:12)
	at org.junit.runners.model.FrameworkMethod.invokeExplosively(FrameworkMethod.java:47)
	at org.junit.internal.runners.statements.InvokeMethod.evaluate(InvokeMethod.java:17)
	at org.junit.internal.runners.statements.RunBefores.evaluate(RunBefores.java:26)
	at org.junit.runners.ParentRunner.runLeaf(ParentRunner.java:325)
	at org.junit.runners.BlockJUnit4ClassRunner.runChild(BlockJUnit4ClassRunner.java:78)
	at org.junit.runners.BlockJUnit4ClassRunner.runChild(BlockJUnit4ClassRunner.java:57)
	at org.junit.runners.ParentRunner$3.run(ParentRunner.java:290)
	at org.junit.runners.ParentRunner$1.schedule(ParentRunner.java:71)
	at org.junit.runners.ParentRunner.runChildren(ParentRunner.java:288)
	at org.junit.runners.ParentRunner.access$000(ParentRunner.java:58)
	at org.junit.runners.ParentRunner$2.evaluate(ParentRunner.java:268)
	at org.junit.runners.ParentRunner.run(ParentRunner.java:363)
	at org.gradle.api.internal.tasks.testing.junit.JUnitTestClassExecuter.runTestClass(JUnitTestClassExecuter.java:114)
	at org.gradle.api.internal.tasks.testing.junit.JUnitTestClassExecuter.execute(JUnitTestClassExecuter.java:57)
	at org.gradle.api.internal.tasks.testing.junit.JUnitTestClassProcessor.processTestClass(JUnitTestClassProcessor.java:66)
	at org.gradle.api.internal.tasks.testing.SuiteTestClassProcessor.processTestClass(SuiteTestClassProcessor.java:51)
	at sun.reflect.NativeMethodAccessorImpl.invoke0(Native Method)
	at sun.reflect.NativeMethodAccessorImpl.invoke(NativeMethodAccessorImpl.java:62)
	at sun.reflect.DelegatingMethodAccessorImpl.invoke(DelegatingMethodAccessorImpl.java:43)
	at java.lang.reflect.Method.invoke(Method.java:498)
	at org.gradle.internal.dispatch.ReflectionDispatch.dispatch(ReflectionDispatch.java:35)
	at org.gradle.internal.dispatch.ReflectionDispatch.dispatch(ReflectionDispatch.java:24)
	at org.gradle.internal.dispatch.ContextClassLoaderDispatch.dispatch(ContextClassLoaderDispatch.java:32)
	at org.gradle.internal.dispatch.ProxyDispatchAdapter$DispatchingInvocationHandler.invoke(ProxyDispatchAdapter.java:93)
	at com.sun.proxy.$Proxy2.processTestClass(Unknown Source)
	at org.gradle.api.internal.tasks.testing.worker.TestWorker.processTestClass(TestWorker.java:109)
	at sun.reflect.NativeMethodAccessorImpl.invoke0(Native Method)
	at sun.reflect.NativeMethodAccessorImpl.invoke(NativeMethodAccessorImpl.java:62)
	at sun.reflect.DelegatingMethodAccessorImpl.invoke(DelegatingMethodAccessorImpl.java:43)
	at java.lang.reflect.Method.invoke(Method.java:498)
	at org.gradle.internal.dispatch.ReflectionDispatch.dispatch(ReflectionDispatch.java:35)
	at org.gradle.internal.dispatch.ReflectionDispatch.dispatch(ReflectionDispatch.java:24)
	at org.gradle.internal.remote.internal.hub.MessageHub$Handler.run(MessageHub.java:377)
	at org.gradle.internal.concurrent.ExecutorPolicy$CatchAndRecordFailures.onExecute(ExecutorPolicy.java:54)
	at org.gradle.internal.concurrent.StoppableExecutorImpl$1.run(StoppableExecutorImpl.java:40)
	at java.util.concurrent.ThreadPoolExecutor.runWorker(ThreadPoolExecutor.java:1149)
	at java.util.concurrent.ThreadPoolExecutor$Worker.run(ThreadPoolExecutor.java:624)
	at java.lang.Thread.run(Thread.java:748)
Caused by: java.net.SocketException: Connection reset
	at java.net.SocketInputStream.read(SocketInputStream.java:210)
	at java.net.SocketInputStream.read(SocketInputStream.java:141)
	at org.apache.http.impl.io.AbstractSessionInputBuffer.fillBuffer(AbstractSessionInputBuffer.java:158)
	at org.apache.http.impl.io.SocketInputBuffer.fillBuffer(SocketInputBuffer.java:82)
	at org.apache.http.impl.io.AbstractSessionInputBuffer.readLine(AbstractSessionInputBuffer.java:271)
	at org.apache.http.impl.conn.LoggingSessionInputBuffer.readLine(LoggingSessionInputBuffer.java:123)
	at org.apache.http.impl.conn.DefaultHttpResponseParser.parseHead(DefaultHttpResponseParser.java:138)
	at org.apache.http.impl.conn.DefaultHttpResponseParser.parseHead(DefaultHttpResponseParser.java:56)
	at org.apache.http.impl.io.AbstractMessageParser.parse(AbstractMessageParser.java:259)
	at org.apache.http.impl.AbstractHttpClientConnection.receiveResponseHeader(AbstractHttpClientConnection.java:281)
	at org.apache.http.impl.conn.DefaultClientConnection.receiveResponseHeader(DefaultClientConnection.java:257)
	at org.apache.http.impl.conn.ManagedClientConnectionImpl.receiveResponseHeader(ManagedClientConnectionImpl.java:207)
	at org.apache.http.protocol.HttpRequestExecutor.doReceiveResponse(HttpRequestExecutor.java:273)
	at org.apache.http.protocol.HttpRequestExecutor.execute(HttpRequestExecutor.java:125)
	at org.apache.http.impl.client.DefaultRequestDirector.tryExecute(DefaultRequestDirector.java:684)
	at org.apache.http.impl.client.DefaultRequestDirector.execute(DefaultRequestDirector.java:486)
	at org.apache.http.impl.client.AbstractHttpClient.doExecute(AbstractHttpClient.java:835)
	at org.apache.http.impl.client.CloseableHttpClient.execute(CloseableHttpClient.java:83)
	at org.apache.http.impl.client.CloseableHttpClient.execute(CloseableHttpClient.java:56)
	at org.apache.jena.riot.web.HttpOp.exec(HttpOp.java:1097)
	... 78 more
2018-10-16 11:55:08,095 ERROR  [riot] [line: 17, col: 1 ] Failed to find a prefix name or keyword: /(47;0x002F) 
2018-10-16 11:55:08,406 ERROR  [riot] [line: 17, col: 1 ] Failed to find a prefix name or keyword: /(47;0x002F) 
2018-10-16 11:55:08,442 ERROR  [riot] [line: 17, col: 1 ] Failed to find a prefix name or keyword: /(47;0x002F) 
2018-10-16 11:55:08,502 ERROR  [riot] [line: 17, col: 1 ] Failed to find a prefix name or keyword: /(47;0x002F) 
2018-10-16 11:57:47,785 ERROR  [riot] [line: 17, col: 1 ] Failed to find a prefix name or keyword: /(47;0x002F) 
2018-10-16 11:57:47,806 ERROR  [riot] [line: 17, col: 1 ] Failed to find a prefix name or keyword: /(47;0x002F) 
2018-10-16 11:57:47,824 ERROR  [riot] [line: 17, col: 1 ] Failed to find a prefix name or keyword: /(47;0x002F) 
2018-10-16 11:57:47,856 ERROR  [riot] [line: 17, col: 1 ] Failed to find a prefix name or keyword: /(47;0x002F) 
2018-10-16 13:08:19,108 ERROR  [riot] [line: 17, col: 1 ] Failed to find a prefix name or keyword: /(47;0x002F) 
2018-10-16 13:08:19,386 ERROR  [riot] [line: 17, col: 1 ] Failed to find a prefix name or keyword: /(47;0x002F) 
2018-10-16 13:08:19,420 ERROR  [riot] [line: 17, col: 1 ] Failed to find a prefix name or keyword: /(47;0x002F) 
2018-10-16 13:08:19,461 ERROR  [riot] [line: 17, col: 1 ] Failed to find a prefix name or keyword: /(47;0x002F) 
2018-10-16 13:08:37,518 ERROR  [riot] [line: 17, col: 1 ] Failed to find a prefix name or keyword: /(47;0x002F) 
2018-10-16 13:08:37,899 ERROR  [riot] [line: 17, col: 1 ] Failed to find a prefix name or keyword: /(47;0x002F) 
2018-10-16 13:08:37,946 ERROR  [riot] [line: 17, col: 1 ] Failed to find a prefix name or keyword: /(47;0x002F) 
2018-10-16 13:08:37,993 ERROR  [riot] [line: 17, col: 1 ] Failed to find a prefix name or keyword: /(47;0x002F) 
2018-10-16 13:11:18,523 ERROR  [riot] [line: 17, col: 1 ] Failed to find a prefix name or keyword: /(47;0x002F) 
2018-10-16 13:12:05,454 ERROR  [riot] [line: 25, col: 3 ] Undefined prefix: qudt 
2018-10-16 13:12:05,675 ERROR  [riot] [line: 25, col: 3 ] Undefined prefix: qudt 
2018-10-16 13:12:05,713 ERROR  [riot] [line: 25, col: 3 ] Undefined prefix: qudt 
2018-10-16 13:12:05,760 ERROR  [riot] [line: 25, col: 3 ] Undefined prefix: qudt 
